    1  wget www.github.com
    2  ls
    3  ls-lat
    4  ls-latr
    5  wget www.github.com
    6  ls
    7  git clone
    8  git clonegit@github.com:sanbancan/cs131.git
    9  git clone git@github.com:sanbancan/cs131.git
   10  wget www.github.cpm
   11  wget www.github.com
   12  history>cmds.log
   13  ls
   14  rm cmds.log
   15  ls
   16  mkdir cs131
   17  ls
   18  cd cs131
   19  ls
   20  mkdir Worksheet1
   21  ls
   22  cd Worksheet1
   23  history>cmds.log
   24  ls
   25  git init
   26  git add .
   27  git status
   28  git commit -m
   29  git commit -m "my first commit"
   30  [saniaf23@sjsu Worksheet1]$
   31    git config --global user.email "you@example.com"
   32    git config --global user.email "sanbancan4@gmail.com"
   33  git config --global user.name "sania"
   34  git config --global user.name "sanbancan"
   35  git commit -m 
   36  git status
   37  git commit -m "my first commit"
   38  git push
   39  git remote add origin https://github.com/sanbancan/cs131.git
   40  git push origin
   41  cat id_rsa.pub
   42   cd ~/.ssh
   43  cat id_rsa.pub
   44   ssh-keygen
   45  cat id_rsa.pub
   46  git@github.com:sanbancan/cs131.git
   47  git remote add origin git@github.com:git@github.com:sanbancan/cs131.git
   48  git remote add origin git@github.com:sanbancan/cs131.git
   49  git commit -m "this is my first commit"
   50  git push --set-upstream origin master
   51  git remote add origin git@github.com:sanbancan/cs131.git
   52  git branch -M main
   53  git push -u origin main
   54  https://github.com/sanbancan/cs131
   55  git@github.com:sanbancan/cs131.git
   56  git remote add origin git@github.com:sanbancan/cs131.git
   57  git branch -M main
   58  git push -u origin main
   59  git remote add origin git@github.com:sanbancan/cs131.git
   60  git branch -M main
   61  git push -u origin main
   62  git branch -M main
   63  wget www.github.com
   64  ls
   65  cd cs131
   66  git status
   67  rm index.html.1
   68  cd ..
   69  ls
   70  pwd
   71  rm index.html1
   72  clear
   73  rm index.html1
   74  rm index.html.1
   75  ls
   76  rm index.html.2
   77  ls
   78  rm index.html.3
   79  ls
   80  rm cs131
   81  rm -r cs131
   82  rm -rf cs131
   83  ls
   84  clear
   85  git --version
   86  git clone git@github.com:sanbancan/cs131.git
   87  ls
   88  cd cs131
   89  ls
   90  git status
   91  mkdir Worksheet1
   92  ls
   93  git status
   94  history > cmds.log
   95  ls
   96  nano cmds.log
   97  rm cmds.log
   98  cd Worksheet1
   99  history > cmds.log
